c:\users\smoo\source\repos\jediacademy\codemp\release\ui\vc140.pdb
c:\users\smoo\source\repos\jediacademy\codemp\release\ui\vc140.idb
c:\users\smoo\source\repos\jediacademy\codemp\release\ui\bg_misc.obj
c:\users\smoo\source\repos\jediacademy\codemp\release\ui\bg_saga.obj
c:\users\smoo\source\repos\jediacademy\codemp\release\ui\bg_vehicleload.obj
c:\users\smoo\source\repos\jediacademy\codemp\release\ui\bg_weapons.obj
c:\users\smoo\source\repos\jediacademy\codemp\release\ui\q_math.obj
c:\users\smoo\source\repos\jediacademy\codemp\release\ui\q_shared.obj
c:\users\smoo\source\repos\jediacademy\codemp\release\ui\ui_atoms.obj
c:\users\smoo\source\repos\jediacademy\codemp\release\ui\ui_force.obj
c:\users\smoo\source\repos\jediacademy\codemp\release\ui\ui_gameinfo.obj
c:\users\smoo\source\repos\jediacademy\codemp\release\ui\ui_main.obj
c:\users\smoo\source\repos\jediacademy\codemp\release\ui\ui_saber.obj
c:\users\smoo\source\repos\jediacademy\codemp\release\ui\ui_shared.obj
c:\users\smoo\source\repos\jediacademy\codemp\release\ui\ui_syscalls.obj
c:\users\smoo\source\repos\jediacademy\codemp\release\uix86.dll
c:\users\smoo\source\repos\jediacademy\codemp\release\uix86.map
c:\users\smoo\source\repos\jediacademy\codemp\release\uix86.pdb
c:\users\smoo\source\repos\jediacademy\codemp\release\ui\ui.res
c:\users\smoo\source\repos\jediacademy\codemp\release\uix86.lib
c:\users\smoo\source\repos\jediacademy\codemp\release\uix86.exp
c:\users\smoo\source\repos\jediacademy\codemp\release\ui\ui.tlog\cl.command.1.tlog
c:\users\smoo\source\repos\jediacademy\codemp\release\ui\ui.tlog\cl.read.1.tlog
c:\users\smoo\source\repos\jediacademy\codemp\release\ui\ui.tlog\cl.write.1.tlog
c:\users\smoo\source\repos\jediacademy\codemp\release\ui\ui.tlog\link.command.1.tlog
c:\users\smoo\source\repos\jediacademy\codemp\release\ui\ui.tlog\link.read.1.tlog
c:\users\smoo\source\repos\jediacademy\codemp\release\ui\ui.tlog\link.write.1.tlog
c:\users\smoo\source\repos\jediacademy\codemp\release\ui\ui.tlog\rc.command.1.tlog
c:\users\smoo\source\repos\jediacademy\codemp\release\ui\ui.tlog\rc.read.1.tlog
c:\users\smoo\source\repos\jediacademy\codemp\release\ui\ui.tlog\rc.write.1.tlog
c:\users\smoo\source\repos\jediacademy\codemp\release\ui\ui.tlog\ui.write.1u.tlog
