c:\users\smoo\source\repos\jediacademy\codemp\release\jk2game\vc140.pdb
c:\users\smoo\source\repos\jediacademy\codemp\release\jk2game\vc140.idb
c:\users\smoo\source\repos\jediacademy\codemp\release\jk2game\npc_ai_utils.obj
c:\users\smoo\source\repos\jediacademy\codemp\release\jk2game\npc_ai_wampa.obj
c:\users\smoo\source\repos\jediacademy\codemp\release\jk2game\npc_behavior.obj
c:\users\smoo\source\repos\jediacademy\codemp\release\jk2game\npc_combat.obj
c:\users\smoo\source\repos\jediacademy\codemp\release\jk2game\npc_goal.obj
c:\users\smoo\source\repos\jediacademy\codemp\release\jk2game\npc_misc.obj
c:\users\smoo\source\repos\jediacademy\codemp\release\jk2game\npc_move.obj
c:\users\smoo\source\repos\jediacademy\codemp\release\jk2game\npc_reactions.obj
c:\users\smoo\source\repos\jediacademy\codemp\release\jk2game\npc_senses.obj
c:\users\smoo\source\repos\jediacademy\codemp\release\jk2game\npc_sounds.obj
c:\users\smoo\source\repos\jediacademy\codemp\release\jk2game\npc_spawn.obj
c:\users\smoo\source\repos\jediacademy\codemp\release\jk2game\npc_stats.obj
c:\users\smoo\source\repos\jediacademy\codemp\release\jk2game\npc_utils.obj
c:\users\smoo\source\repos\jediacademy\codemp\release\jk2game\q_shared.obj
c:\users\smoo\source\repos\jediacademy\codemp\release\jk2game\speedernpc.obj
c:\users\smoo\source\repos\jediacademy\codemp\release\jk2game\tri_coll_test.obj
c:\users\smoo\source\repos\jediacademy\codemp\release\jk2game\walkernpc.obj
c:\users\smoo\source\repos\jediacademy\codemp\release\jk2game\w_force.obj
c:\users\smoo\source\repos\jediacademy\codemp\release\jk2game\w_saber.obj
c:\users\smoo\source\repos\jediacademy\codemp\release\jk2game\g_weapon.obj
c:\users\smoo\source\repos\jediacademy\codemp\release\jk2game\npc.obj
c:\users\smoo\source\repos\jediacademy\codemp\release\jk2game\npc_ai_atst.obj
c:\users\smoo\source\repos\jediacademy\codemp\release\jk2game\npc_ai_default.obj
c:\users\smoo\source\repos\jediacademy\codemp\release\jk2game\npc_ai_droid.obj
c:\users\smoo\source\repos\jediacademy\codemp\release\jk2game\npc_ai_galakmech.obj
c:\users\smoo\source\repos\jediacademy\codemp\release\jk2game\npc_ai_grenadier.obj
c:\users\smoo\source\repos\jediacademy\codemp\release\jk2game\npc_ai_howler.obj
c:\users\smoo\source\repos\jediacademy\codemp\release\jk2game\npc_ai_imperialprobe.obj
c:\users\smoo\source\repos\jediacademy\codemp\release\jk2game\npc_ai_interrogator.obj
c:\users\smoo\source\repos\jediacademy\codemp\release\jk2game\npc_ai_jedi.obj
c:\users\smoo\source\repos\jediacademy\codemp\release\jk2game\npc_ai_mark1.obj
c:\users\smoo\source\repos\jediacademy\codemp\release\jk2game\npc_ai_mark2.obj
c:\users\smoo\source\repos\jediacademy\codemp\release\jk2game\npc_ai_minemonster.obj
c:\users\smoo\source\repos\jediacademy\codemp\release\jk2game\npc_ai_rancor.obj
c:\users\smoo\source\repos\jediacademy\codemp\release\jk2game\npc_ai_remote.obj
c:\users\smoo\source\repos\jediacademy\codemp\release\jk2game\npc_ai_seeker.obj
c:\users\smoo\source\repos\jediacademy\codemp\release\jk2game\npc_ai_sentry.obj
c:\users\smoo\source\repos\jediacademy\codemp\release\jk2game\npc_ai_sniper.obj
c:\users\smoo\source\repos\jediacademy\codemp\release\jk2game\npc_ai_stormtrooper.obj
c:\users\smoo\source\repos\jediacademy\codemp\release\jk2game\g_missile.obj
c:\users\smoo\source\repos\jediacademy\codemp\release\jk2game\g_mover.obj
c:\users\smoo\source\repos\jediacademy\codemp\release\jk2game\g_nav.obj
c:\users\smoo\source\repos\jediacademy\codemp\release\jk2game\g_navnew.obj
c:\users\smoo\source\repos\jediacademy\codemp\release\jk2game\g_object.obj
c:\users\smoo\source\repos\jediacademy\codemp\release\jk2game\g_saga.obj
c:\users\smoo\source\repos\jediacademy\codemp\release\jk2game\g_session.obj
c:\users\smoo\source\repos\jediacademy\codemp\release\jk2game\g_spawn.obj
c:\users\smoo\source\repos\jediacademy\codemp\release\jk2game\g_strap.obj
c:\users\smoo\source\repos\jediacademy\codemp\release\jk2game\g_svcmds.obj
c:\users\smoo\source\repos\jediacademy\codemp\release\jk2game\g_syscalls.obj
c:\users\smoo\source\repos\jediacademy\codemp\release\jk2game\g_target.obj
c:\users\smoo\source\repos\jediacademy\codemp\release\jk2game\g_team.obj
c:\users\smoo\source\repos\jediacademy\codemp\release\jk2game\g_timer.obj
c:\users\smoo\source\repos\jediacademy\codemp\release\jk2game\g_trigger.obj
c:\users\smoo\source\repos\jediacademy\codemp\release\jk2game\g_turret.obj
c:\users\smoo\source\repos\jediacademy\codemp\release\jk2game\g_turret_g2.obj
c:\users\smoo\source\repos\jediacademy\codemp\release\jk2game\g_utils.obj
c:\users\smoo\source\repos\jediacademy\codemp\release\jk2game\g_vehicles.obj
c:\users\smoo\source\repos\jediacademy\codemp\release\jk2game\g_vehicleturret.obj
c:\users\smoo\source\repos\jediacademy\codemp\release\jk2game\bg_saber.obj
c:\users\smoo\source\repos\jediacademy\codemp\release\jk2game\bg_saberload.obj
c:\users\smoo\source\repos\jediacademy\codemp\release\jk2game\bg_saga.obj
c:\users\smoo\source\repos\jediacademy\codemp\release\jk2game\bg_slidemove.obj
c:\users\smoo\source\repos\jediacademy\codemp\release\jk2game\bg_vehicleload.obj
c:\users\smoo\source\repos\jediacademy\codemp\release\jk2game\bg_weapons.obj
c:\users\smoo\source\repos\jediacademy\codemp\release\jk2game\fighternpc.obj
c:\users\smoo\source\repos\jediacademy\codemp\release\jk2game\g_active.obj
c:\users\smoo\source\repos\jediacademy\codemp\release\jk2game\g_arenas.obj
c:\users\smoo\source\repos\jediacademy\codemp\release\jk2game\g_bot.obj
c:\users\smoo\source\repos\jediacademy\codemp\release\jk2game\g_client.obj
c:\users\smoo\source\repos\jediacademy\codemp\release\jk2game\g_cmds.obj
c:\users\smoo\source\repos\jediacademy\codemp\release\jk2game\g_combat.obj
c:\users\smoo\source\repos\jediacademy\codemp\release\jk2game\g_exphysics.obj
c:\users\smoo\source\repos\jediacademy\codemp\release\jk2game\g_icaruscb.obj
c:\users\smoo\source\repos\jediacademy\codemp\release\jk2game\g_items.obj
c:\users\smoo\source\repos\jediacademy\codemp\release\jk2game\g_log.obj
c:\users\smoo\source\repos\jediacademy\codemp\release\jk2game\g_main.obj
c:\users\smoo\source\repos\jediacademy\codemp\release\jk2game\g_mem.obj
c:\users\smoo\source\repos\jediacademy\codemp\release\jk2game\g_misc.obj
c:\users\smoo\source\repos\jediacademy\codemp\release\jk2game\ai_main.obj
c:\users\smoo\source\repos\jediacademy\codemp\release\jk2game\ai_util.obj
c:\users\smoo\source\repos\jediacademy\codemp\release\jk2game\ai_wpnav.obj
c:\users\smoo\source\repos\jediacademy\codemp\release\jk2game\animalnpc.obj
c:\users\smoo\source\repos\jediacademy\codemp\release\jk2game\bg_g2_utils.obj
c:\users\smoo\source\repos\jediacademy\codemp\release\jk2game\bg_misc.obj
c:\users\smoo\source\repos\jediacademy\codemp\release\jk2game\bg_panimate.obj
c:\users\smoo\source\repos\jediacademy\codemp\release\jk2game\bg_pmove.obj
c:\users\smoo\source\repos\jediacademy\codemp\release\jk2game\q_math.obj
c:\users\smoo\source\repos\jediacademy\codemp\release\jampgamex86.lib
c:\users\smoo\source\repos\jediacademy\codemp\release\jampgamex86.exp
c:\users\smoo\source\repos\jediacademy\codemp\release\jampgamex86.dll
c:\users\smoo\source\repos\jediacademy\codemp\release\jampgamex86.map
c:\users\smoo\source\repos\jediacademy\codemp\release\jampgamex86.pdb
c:\users\smoo\source\repos\jediacademy\codemp\release\jk2game\jk2game.res
c:\users\smoo\source\repos\jediacademy\codemp\release\jk2game\jk2game.tlog\cl.command.1.tlog
c:\users\smoo\source\repos\jediacademy\codemp\release\jk2game\jk2game.tlog\cl.read.1.tlog
c:\users\smoo\source\repos\jediacademy\codemp\release\jk2game\jk2game.tlog\cl.write.1.tlog
c:\users\smoo\source\repos\jediacademy\codemp\release\jk2game\jk2game.tlog\jk2game.write.1u.tlog
c:\users\smoo\source\repos\jediacademy\codemp\release\jk2game\jk2game.tlog\link.command.1.tlog
c:\users\smoo\source\repos\jediacademy\codemp\release\jk2game\jk2game.tlog\link.read.1.tlog
c:\users\smoo\source\repos\jediacademy\codemp\release\jk2game\jk2game.tlog\link.write.1.tlog
c:\users\smoo\source\repos\jediacademy\codemp\release\jk2game\jk2game.tlog\rc.command.1.tlog
c:\users\smoo\source\repos\jediacademy\codemp\release\jk2game\jk2game.tlog\rc.read.1.tlog
c:\users\smoo\source\repos\jediacademy\codemp\release\jk2game\jk2game.tlog\rc.write.1.tlog
