c:\users\smoo\source\repos\jediacademy\codemp\release\dedicated\vc140.pdb
c:\users\smoo\source\repos\jediacademy\codemp\release\dedicated\be_aas_bspq3.sbr
c:\users\smoo\source\repos\jediacademy\codemp\release\dedicated\be_aas_cluster.sbr
c:\users\smoo\source\repos\jediacademy\codemp\release\dedicated\be_aas_debug.sbr
c:\users\smoo\source\repos\jediacademy\codemp\release\dedicated\be_aas_entity.sbr
c:\users\smoo\source\repos\jediacademy\codemp\release\dedicated\be_aas_file.sbr
c:\users\smoo\source\repos\jediacademy\codemp\release\dedicated\be_aas_main.sbr
c:\users\smoo\source\repos\jediacademy\codemp\release\dedicated\be_aas_move.sbr
c:\users\smoo\source\repos\jediacademy\codemp\release\dedicated\be_aas_optimize.sbr
c:\users\smoo\source\repos\jediacademy\codemp\release\dedicated\be_aas_reach.sbr
c:\users\smoo\source\repos\jediacademy\codemp\release\dedicated\be_aas_route.sbr
c:\users\smoo\source\repos\jediacademy\codemp\release\dedicated\be_aas_routealt.sbr
c:\users\smoo\source\repos\jediacademy\codemp\release\dedicated\be_aas_sample.sbr
c:\users\smoo\source\repos\jediacademy\codemp\release\dedicated\be_ai_char.sbr
c:\users\smoo\source\repos\jediacademy\codemp\release\dedicated\be_ai_chat.sbr
c:\users\smoo\source\repos\jediacademy\codemp\release\dedicated\be_ai_gen.sbr
c:\users\smoo\source\repos\jediacademy\codemp\release\dedicated\be_ai_goal.sbr
c:\users\smoo\source\repos\jediacademy\codemp\release\dedicated\be_ai_move.sbr
c:\users\smoo\source\repos\jediacademy\codemp\release\dedicated\be_ai_weap.sbr
c:\users\smoo\source\repos\jediacademy\codemp\release\dedicated\be_ai_weight.sbr
c:\users\smoo\source\repos\jediacademy\codemp\release\dedicated\be_ea.sbr
c:\users\smoo\source\repos\jediacademy\codemp\release\dedicated\be_ea.obj
c:\users\smoo\source\repos\jediacademy\codemp\release\dedicated\be_ai_weight.obj
c:\users\smoo\source\repos\jediacademy\codemp\release\dedicated\be_ai_weap.obj
c:\users\smoo\source\repos\jediacademy\codemp\release\dedicated\be_ai_goal.obj
c:\users\smoo\source\repos\jediacademy\codemp\release\dedicated\be_ai_gen.obj
c:\users\smoo\source\repos\jediacademy\codemp\release\dedicated\be_ai_chat.obj
c:\users\smoo\source\repos\jediacademy\codemp\release\dedicated\be_ai_char.obj
c:\users\smoo\source\repos\jediacademy\codemp\release\dedicated\be_aas_sample.obj
c:\users\smoo\source\repos\jediacademy\codemp\release\dedicated\be_aas_routealt.obj
c:\users\smoo\source\repos\jediacademy\codemp\release\dedicated\be_aas_route.obj
c:\users\smoo\source\repos\jediacademy\codemp\release\dedicated\be_aas_optimize.obj
c:\users\smoo\source\repos\jediacademy\codemp\release\dedicated\be_aas_main.obj
c:\users\smoo\source\repos\jediacademy\codemp\release\dedicated\be_aas_file.obj
c:\users\smoo\source\repos\jediacademy\codemp\release\dedicated\be_aas_debug.obj
c:\users\smoo\source\repos\jediacademy\codemp\release\dedicated\be_aas_cluster.obj
c:\users\smoo\source\repos\jediacademy\codemp\release\dedicated\be_aas_bspq3.obj
c:\users\smoo\source\repos\jediacademy\codemp\release\dedicated\be_interface.sbr
c:\users\smoo\source\repos\jediacademy\codemp\release\dedicated\l_crc.sbr
c:\users\smoo\source\repos\jediacademy\codemp\release\dedicated\l_libvar.sbr
c:\users\smoo\source\repos\jediacademy\codemp\release\dedicated\l_log.sbr
c:\users\smoo\source\repos\jediacademy\codemp\release\dedicated\l_memory.sbr
c:\users\smoo\source\repos\jediacademy\codemp\release\dedicated\l_precomp.sbr
c:\users\smoo\source\repos\jediacademy\codemp\release\dedicated\l_script.sbr
c:\users\smoo\source\repos\jediacademy\codemp\release\dedicated\l_struct.sbr
c:\users\smoo\source\repos\jediacademy\codemp\release\dedicated\g2_api.sbr
c:\users\smoo\source\repos\jediacademy\codemp\release\dedicated\g2_bolts.sbr
c:\users\smoo\source\repos\jediacademy\codemp\release\dedicated\g2_bones.sbr
c:\users\smoo\source\repos\jediacademy\codemp\release\dedicated\g2_misc.sbr
c:\users\smoo\source\repos\jediacademy\codemp\release\dedicated\g2_surfaces.sbr
c:\users\smoo\source\repos\jediacademy\codemp\release\dedicated\blockstream.sbr
c:\users\smoo\source\repos\jediacademy\codemp\release\dedicated\gameinterface.sbr
c:\users\smoo\source\repos\jediacademy\codemp\release\dedicated\instance.sbr
c:\users\smoo\source\repos\jediacademy\codemp\release\dedicated\interface.sbr
c:\users\smoo\source\repos\jediacademy\codemp\release\dedicated\memory.sbr
c:\users\smoo\source\repos\jediacademy\codemp\release\dedicated\q3_interface.sbr
c:\users\smoo\source\repos\jediacademy\codemp\release\dedicated\q3_registers.sbr
c:\users\smoo\source\repos\jediacademy\codemp\release\dedicated\q3_registers.obj
c:\users\smoo\source\repos\jediacademy\codemp\release\dedicated\q3_interface.obj
c:\users\smoo\source\repos\jediacademy\codemp\release\dedicated\memory.obj
c:\users\smoo\source\repos\jediacademy\codemp\release\dedicated\interface.obj
c:\users\smoo\source\repos\jediacademy\codemp\release\dedicated\instance.obj
c:\users\smoo\source\repos\jediacademy\codemp\release\dedicated\gameinterface.obj
c:\users\smoo\source\repos\jediacademy\codemp\release\dedicated\blockstream.obj
c:\users\smoo\source\repos\jediacademy\codemp\release\dedicated\g2_surfaces.obj
c:\users\smoo\source\repos\jediacademy\codemp\release\dedicated\g2_misc.obj
c:\users\smoo\source\repos\jediacademy\codemp\release\dedicated\g2_bones.obj
c:\users\smoo\source\repos\jediacademy\codemp\release\dedicated\g2_bolts.obj
c:\users\smoo\source\repos\jediacademy\codemp\release\dedicated\g2_api.obj
c:\users\smoo\source\repos\jediacademy\codemp\release\dedicated\l_struct.obj
c:\users\smoo\source\repos\jediacademy\codemp\release\dedicated\l_script.obj
c:\users\smoo\source\repos\jediacademy\codemp\release\dedicated\l_memory.obj
c:\users\smoo\source\repos\jediacademy\codemp\release\dedicated\l_log.obj
c:\users\smoo\source\repos\jediacademy\codemp\release\dedicated\l_libvar.obj
c:\users\smoo\source\repos\jediacademy\codemp\release\dedicated\l_crc.obj
c:\users\smoo\source\repos\jediacademy\codemp\release\dedicated\be_interface.obj
c:\users\smoo\source\repos\jediacademy\codemp\release\dedicated\sequence.sbr
c:\users\smoo\source\repos\jediacademy\codemp\release\dedicated\sequencer.sbr
c:\users\smoo\source\repos\jediacademy\codemp\release\dedicated\taskmanager.sbr
c:\users\smoo\source\repos\jediacademy\codemp\release\dedicated\null_client.sbr
c:\users\smoo\source\repos\jediacademy\codemp\release\dedicated\null_glimp.sbr
c:\users\smoo\source\repos\jediacademy\codemp\release\dedicated\null_input.sbr
c:\users\smoo\source\repos\jediacademy\codemp\release\dedicated\null_renderer.sbr
c:\users\smoo\source\repos\jediacademy\codemp\release\dedicated\null_snddma.sbr
c:\users\smoo\source\repos\jediacademy\codemp\release\dedicated\win_main.sbr
c:\users\smoo\source\repos\jediacademy\codemp\release\dedicated\png.sbr
c:\users\smoo\source\repos\jediacademy\codemp\release\dedicated\cmd_common.sbr
c:\users\smoo\source\repos\jediacademy\codemp\release\dedicated\cmd_pc.sbr
c:\users\smoo\source\repos\jediacademy\codemp\release\dedicated\cm_draw.sbr
c:\users\smoo\source\repos\jediacademy\codemp\release\dedicated\cm_load.sbr
c:\users\smoo\source\repos\jediacademy\codemp\release\dedicated\cm_patch.sbr
c:\users\smoo\source\repos\jediacademy\codemp\release\dedicated\cm_polylib.sbr
c:\users\smoo\source\repos\jediacademy\codemp\release\dedicated\cm_randomterrain.sbr
c:\users\smoo\source\repos\jediacademy\codemp\release\dedicated\cm_shader.sbr
c:\users\smoo\source\repos\jediacademy\codemp\release\dedicated\cm_terrain.sbr
c:\users\smoo\source\repos\jediacademy\codemp\release\dedicated\cm_test.sbr
c:\users\smoo\source\repos\jediacademy\codemp\release\dedicated\cm_test.obj
c:\users\smoo\source\repos\jediacademy\codemp\release\dedicated\cm_terrain.obj
c:\users\smoo\source\repos\jediacademy\codemp\release\dedicated\cm_shader.obj
c:\users\smoo\source\repos\jediacademy\codemp\release\dedicated\cm_randomterrain.obj
c:\users\smoo\source\repos\jediacademy\codemp\release\dedicated\cm_polylib.obj
c:\users\smoo\source\repos\jediacademy\codemp\release\dedicated\cm_patch.obj
c:\users\smoo\source\repos\jediacademy\codemp\release\dedicated\cm_load.obj
c:\users\smoo\source\repos\jediacademy\codemp\release\dedicated\cm_draw.obj
c:\users\smoo\source\repos\jediacademy\codemp\release\dedicated\cmd_pc.obj
c:\users\smoo\source\repos\jediacademy\codemp\release\dedicated\cmd_common.obj
c:\users\smoo\source\repos\jediacademy\codemp\release\dedicated\png.obj
c:\users\smoo\source\repos\jediacademy\codemp\release\dedicated\win_main.obj
c:\users\smoo\source\repos\jediacademy\codemp\release\dedicated\null_snddma.obj
c:\users\smoo\source\repos\jediacademy\codemp\release\dedicated\null_renderer.obj
c:\users\smoo\source\repos\jediacademy\codemp\release\dedicated\null_input.obj
c:\users\smoo\source\repos\jediacademy\codemp\release\dedicated\null_glimp.obj
c:\users\smoo\source\repos\jediacademy\codemp\release\dedicated\null_client.obj
c:\users\smoo\source\repos\jediacademy\codemp\release\dedicated\taskmanager.obj
c:\users\smoo\source\repos\jediacademy\codemp\release\dedicated\sequencer.obj
c:\users\smoo\source\repos\jediacademy\codemp\release\dedicated\sequence.obj
c:\users\smoo\source\repos\jediacademy\codemp\release\dedicated\cm_trace.sbr
c:\users\smoo\source\repos\jediacademy\codemp\release\dedicated\common.sbr
c:\users\smoo\source\repos\jediacademy\codemp\release\dedicated\cvar.sbr
c:\users\smoo\source\repos\jediacademy\codemp\release\dedicated\files_common.sbr
c:\users\smoo\source\repos\jediacademy\codemp\release\dedicated\files_pc.sbr
c:\users\smoo\source\repos\jediacademy\codemp\release\dedicated\genericparser2.sbr
c:\users\smoo\source\repos\jediacademy\codemp\release\dedicated\huffman.sbr
c:\users\smoo\source\repos\jediacademy\codemp\release\dedicated\md4.sbr
c:\users\smoo\source\repos\jediacademy\codemp\release\dedicated\msg.sbr
c:\users\smoo\source\repos\jediacademy\codemp\release\dedicated\net_chan.sbr
c:\users\smoo\source\repos\jediacademy\codemp\release\dedicated\q_math.sbr
c:\users\smoo\source\repos\jediacademy\codemp\release\dedicated\q_shared.sbr
c:\users\smoo\source\repos\jediacademy\codemp\release\dedicated\roffsystem.sbr
c:\users\smoo\source\repos\jediacademy\codemp\release\dedicated\stringed_ingame.sbr
c:\users\smoo\source\repos\jediacademy\codemp\release\dedicated\stringed_interface.sbr
c:\users\smoo\source\repos\jediacademy\codemp\release\dedicated\unzip.sbr
c:\users\smoo\source\repos\jediacademy\codemp\release\dedicated\vm.sbr
c:\users\smoo\source\repos\jediacademy\codemp\release\dedicated\vm_interpreted.sbr
c:\users\smoo\source\repos\jediacademy\codemp\release\dedicated\vm_x86.sbr
c:\users\smoo\source\repos\jediacademy\codemp\release\dedicated\z_memman_pc.sbr
c:\users\smoo\source\repos\jediacademy\codemp\release\dedicated\z_memman_pc.obj
c:\users\smoo\source\repos\jediacademy\codemp\release\dedicated\vm_x86.obj
c:\users\smoo\source\repos\jediacademy\codemp\release\dedicated\vm_interpreted.obj
c:\users\smoo\source\repos\jediacademy\codemp\release\dedicated\vm.obj
c:\users\smoo\source\repos\jediacademy\codemp\release\dedicated\unzip.obj
c:\users\smoo\source\repos\jediacademy\codemp\release\dedicated\stringed_interface.obj
c:\users\smoo\source\repos\jediacademy\codemp\release\dedicated\roffsystem.obj
c:\users\smoo\source\repos\jediacademy\codemp\release\dedicated\q_shared.obj
c:\users\smoo\source\repos\jediacademy\codemp\release\dedicated\q_math.obj
c:\users\smoo\source\repos\jediacademy\codemp\release\dedicated\net_chan.obj
c:\users\smoo\source\repos\jediacademy\codemp\release\dedicated\msg.obj
c:\users\smoo\source\repos\jediacademy\codemp\release\dedicated\md4.obj
c:\users\smoo\source\repos\jediacademy\codemp\release\dedicated\huffman.obj
c:\users\smoo\source\repos\jediacademy\codemp\release\dedicated\genericparser2.obj
c:\users\smoo\source\repos\jediacademy\codemp\release\dedicated\files_common.obj
c:\users\smoo\source\repos\jediacademy\codemp\release\dedicated\cvar.obj
c:\users\smoo\source\repos\jediacademy\codemp\release\dedicated\common.obj
c:\users\smoo\source\repos\jediacademy\codemp\release\dedicated\cm_trace.obj
c:\users\smoo\source\repos\jediacademy\codemp\release\dedicated\tr_backend.sbr
c:\users\smoo\source\repos\jediacademy\codemp\release\dedicated\tr_ghoul2.sbr
c:\users\smoo\source\repos\jediacademy\codemp\release\dedicated\tr_image.sbr
c:\users\smoo\source\repos\jediacademy\codemp\release\dedicated\tr_init.sbr
c:\users\smoo\source\repos\jediacademy\codemp\release\dedicated\tr_main.sbr
c:\users\smoo\source\repos\jediacademy\codemp\release\dedicated\tr_mesh.sbr
c:\users\smoo\source\repos\jediacademy\codemp\release\dedicated\tr_model.sbr
c:\users\smoo\source\repos\jediacademy\codemp\release\dedicated\tr_shader.sbr
c:\users\smoo\source\repos\jediacademy\codemp\release\dedicated\rm_area.sbr
c:\users\smoo\source\repos\jediacademy\codemp\release\dedicated\rm_instance.sbr
c:\users\smoo\source\repos\jediacademy\codemp\release\dedicated\rm_instancefile.sbr
c:\users\smoo\source\repos\jediacademy\codemp\release\dedicated\rm_instance_bsp.sbr
c:\users\smoo\source\repos\jediacademy\codemp\release\dedicated\rm_instance_group.sbr
c:\users\smoo\source\repos\jediacademy\codemp\release\dedicated\rm_instance_random.sbr
c:\users\smoo\source\repos\jediacademy\codemp\release\dedicated\rm_instance_void.sbr
c:\users\smoo\source\repos\jediacademy\codemp\release\dedicated\rm_manager.sbr
c:\users\smoo\source\repos\jediacademy\codemp\release\dedicated\rm_mission.sbr
c:\users\smoo\source\repos\jediacademy\codemp\release\dedicated\rm_objective.sbr
c:\users\smoo\source\repos\jediacademy\codemp\release\dedicated\rm_path.sbr
c:\users\smoo\source\repos\jediacademy\codemp\release\dedicated\rm_terrain.sbr
c:\users\smoo\source\repos\jediacademy\codemp\release\dedicated\rm_terrain.obj
c:\users\smoo\source\repos\jediacademy\codemp\release\dedicated\rm_path.obj
c:\users\smoo\source\repos\jediacademy\codemp\release\dedicated\rm_objective.obj
c:\users\smoo\source\repos\jediacademy\codemp\release\dedicated\rm_mission.obj
c:\users\smoo\source\repos\jediacademy\codemp\release\dedicated\rm_manager.obj
c:\users\smoo\source\repos\jediacademy\codemp\release\dedicated\rm_instance_void.obj
c:\users\smoo\source\repos\jediacademy\codemp\release\dedicated\rm_instance_random.obj
c:\users\smoo\source\repos\jediacademy\codemp\release\dedicated\rm_instance_group.obj
c:\users\smoo\source\repos\jediacademy\codemp\release\dedicated\rm_instance_bsp.obj
c:\users\smoo\source\repos\jediacademy\codemp\release\dedicated\rm_instancefile.obj
c:\users\smoo\source\repos\jediacademy\codemp\release\dedicated\rm_instance.obj
c:\users\smoo\source\repos\jediacademy\codemp\release\dedicated\rm_area.obj
c:\users\smoo\source\repos\jediacademy\codemp\release\dedicated\tr_shader.obj
c:\users\smoo\source\repos\jediacademy\codemp\release\dedicated\tr_model.obj
c:\users\smoo\source\repos\jediacademy\codemp\release\dedicated\tr_mesh.obj
c:\users\smoo\source\repos\jediacademy\codemp\release\dedicated\tr_main.obj
c:\users\smoo\source\repos\jediacademy\codemp\release\dedicated\tr_init.obj
c:\users\smoo\source\repos\jediacademy\codemp\release\dedicated\tr_image.obj
c:\users\smoo\source\repos\jediacademy\codemp\release\dedicated\tr_ghoul2.obj
c:\users\smoo\source\repos\jediacademy\codemp\release\dedicated\tr_backend.obj
c:\users\smoo\source\repos\jediacademy\codemp\release\dedicated\gamecallbacks.sbr
c:\users\smoo\source\repos\jediacademy\codemp\release\dedicated\navigator.sbr
c:\users\smoo\source\repos\jediacademy\codemp\release\dedicated\sv_bot.sbr
c:\users\smoo\source\repos\jediacademy\codemp\release\dedicated\sv_ccmds.sbr
c:\users\smoo\source\repos\jediacademy\codemp\release\dedicated\sv_client.sbr
c:\users\smoo\source\repos\jediacademy\codemp\release\dedicated\sv_game.sbr
c:\users\smoo\source\repos\jediacademy\codemp\release\dedicated\sv_init.sbr
c:\users\smoo\source\repos\jediacademy\codemp\release\dedicated\sv_main.sbr
c:\users\smoo\source\repos\jediacademy\codemp\release\dedicated\sv_net_chan.sbr
c:\users\smoo\source\repos\jediacademy\codemp\release\dedicated\sv_snapshot.sbr
c:\users\smoo\source\repos\jediacademy\codemp\release\dedicated\sv_world.sbr
c:\users\smoo\source\repos\jediacademy\codemp\release\dedicated\win_net.sbr
c:\users\smoo\source\repos\jediacademy\codemp\release\dedicated\win_shared.sbr
c:\users\smoo\source\repos\jediacademy\codemp\release\dedicated\deflate.sbr
c:\users\smoo\source\repos\jediacademy\codemp\release\dedicated\inflate.sbr
c:\users\smoo\source\repos\jediacademy\codemp\release\dedicated\zipcommon.sbr
c:\users\smoo\source\repos\jediacademy\codemp\release\dedicated\zipcommon.obj
c:\users\smoo\source\repos\jediacademy\codemp\release\dedicated\inflate.obj
c:\users\smoo\source\repos\jediacademy\codemp\release\dedicated\deflate.obj
c:\users\smoo\source\repos\jediacademy\codemp\release\dedicated\win_net.obj
c:\users\smoo\source\repos\jediacademy\codemp\release\dedicated\sv_world.obj
c:\users\smoo\source\repos\jediacademy\codemp\release\dedicated\sv_snapshot.obj
c:\users\smoo\source\repos\jediacademy\codemp\release\dedicated\sv_net_chan.obj
c:\users\smoo\source\repos\jediacademy\codemp\release\dedicated\sv_main.obj
c:\users\smoo\source\repos\jediacademy\codemp\release\dedicated\sv_init.obj
c:\users\smoo\source\repos\jediacademy\codemp\release\dedicated\sv_game.obj
c:\users\smoo\source\repos\jediacademy\codemp\release\dedicated\sv_client.obj
c:\users\smoo\source\repos\jediacademy\codemp\release\dedicated\sv_ccmds.obj
c:\users\smoo\source\repos\jediacademy\codemp\release\dedicated\sv_bot.obj
c:\users\smoo\source\repos\jediacademy\codemp\release\dedicated\navigator.obj
c:\users\smoo\source\repos\jediacademy\codemp\release\dedicated\gamecallbacks.obj
c:\users\smoo\source\repos\jediacademy\codemp\release\dedicated\
c:\users\smoo\source\repos\jediacademy\codemp\release\dedicated\winded.tlog\cl.command.1.tlog
c:\users\smoo\source\repos\jediacademy\codemp\release\dedicated\winded.tlog\cl.read.1.tlog
c:\users\smoo\source\repos\jediacademy\codemp\release\dedicated\winded.tlog\cl.write.1.tlog
