c:\users\smoo\source\repos\jediacademy\codemp\release\jk2cgame\vc140.pdb
c:\users\smoo\source\repos\jediacademy\codemp\release\jk2cgame\vc140.idb
c:\users\smoo\source\repos\jediacademy\codemp\release\jk2cgame\cg_predict.obj
c:\users\smoo\source\repos\jediacademy\codemp\release\jk2cgame\cg_saga.obj
c:\users\smoo\source\repos\jediacademy\codemp\release\jk2cgame\cg_scoreboard.obj
c:\users\smoo\source\repos\jediacademy\codemp\release\jk2cgame\cg_servercmds.obj
c:\users\smoo\source\repos\jediacademy\codemp\release\jk2cgame\cg_snapshot.obj
c:\users\smoo\source\repos\jediacademy\codemp\release\jk2cgame\cg_strap.obj
c:\users\smoo\source\repos\jediacademy\codemp\release\jk2cgame\cg_syscalls.obj
c:\users\smoo\source\repos\jediacademy\codemp\release\jk2cgame\cg_turret.obj
c:\users\smoo\source\repos\jediacademy\codemp\release\jk2cgame\cg_view.obj
c:\users\smoo\source\repos\jediacademy\codemp\release\jk2cgame\cg_weaponinit.obj
c:\users\smoo\source\repos\jediacademy\codemp\release\jk2cgame\cg_weapons.obj
c:\users\smoo\source\repos\jediacademy\codemp\release\jk2cgame\fx_blaster.obj
c:\users\smoo\source\repos\jediacademy\codemp\release\jk2cgame\fx_bowcaster.obj
c:\users\smoo\source\repos\jediacademy\codemp\release\jk2cgame\fx_bryarpistol.obj
c:\users\smoo\source\repos\jediacademy\codemp\release\jk2cgame\fx_demp2.obj
c:\users\smoo\source\repos\jediacademy\codemp\release\jk2cgame\fx_disruptor.obj
c:\users\smoo\source\repos\jediacademy\codemp\release\jk2cgame\fx_flechette.obj
c:\users\smoo\source\repos\jediacademy\codemp\release\jk2cgame\fx_force.obj
c:\users\smoo\source\repos\jediacademy\codemp\release\jk2cgame\fx_heavyrepeater.obj
c:\users\smoo\source\repos\jediacademy\codemp\release\jk2cgame\fx_rocketlauncher.obj
c:\users\smoo\source\repos\jediacademy\codemp\release\jk2cgame\fighternpc.obj
c:\users\smoo\source\repos\jediacademy\codemp\release\jk2cgame\q_shared.obj
c:\users\smoo\source\repos\jediacademy\codemp\release\jk2cgame\speedernpc.obj
c:\users\smoo\source\repos\jediacademy\codemp\release\jk2cgame\walkernpc.obj
c:\users\smoo\source\repos\jediacademy\codemp\release\jk2cgame\ui_shared.obj
c:\users\smoo\source\repos\jediacademy\codemp\release\jk2cgame\cg_consolecmds.obj
c:\users\smoo\source\repos\jediacademy\codemp\release\jk2cgame\cg_draw.obj
c:\users\smoo\source\repos\jediacademy\codemp\release\jk2cgame\cg_drawtools.obj
c:\users\smoo\source\repos\jediacademy\codemp\release\jk2cgame\cg_effects.obj
c:\users\smoo\source\repos\jediacademy\codemp\release\jk2cgame\cg_ents.obj
c:\users\smoo\source\repos\jediacademy\codemp\release\jk2cgame\cg_event.obj
c:\users\smoo\source\repos\jediacademy\codemp\release\jk2cgame\cg_info.obj
c:\users\smoo\source\repos\jediacademy\codemp\release\jk2cgame\cg_light.obj
c:\users\smoo\source\repos\jediacademy\codemp\release\jk2cgame\cg_localents.obj
c:\users\smoo\source\repos\jediacademy\codemp\release\jk2cgame\cg_main.obj
c:\users\smoo\source\repos\jediacademy\codemp\release\jk2cgame\cg_marks.obj
c:\users\smoo\source\repos\jediacademy\codemp\release\jk2cgame\cg_newdraw.obj
c:\users\smoo\source\repos\jediacademy\codemp\release\jk2cgame\cg_players.obj
c:\users\smoo\source\repos\jediacademy\codemp\release\jk2cgame\cg_playerstate.obj
c:\users\smoo\source\repos\jediacademy\codemp\release\jk2cgame\animalnpc.obj
c:\users\smoo\source\repos\jediacademy\codemp\release\jk2cgame\bg_g2_utils.obj
c:\users\smoo\source\repos\jediacademy\codemp\release\jk2cgame\bg_misc.obj
c:\users\smoo\source\repos\jediacademy\codemp\release\jk2cgame\bg_panimate.obj
c:\users\smoo\source\repos\jediacademy\codemp\release\jk2cgame\bg_pmove.obj
c:\users\smoo\source\repos\jediacademy\codemp\release\jk2cgame\bg_saber.obj
c:\users\smoo\source\repos\jediacademy\codemp\release\jk2cgame\bg_saberload.obj
c:\users\smoo\source\repos\jediacademy\codemp\release\jk2cgame\bg_saga.obj
c:\users\smoo\source\repos\jediacademy\codemp\release\jk2cgame\bg_slidemove.obj
c:\users\smoo\source\repos\jediacademy\codemp\release\jk2cgame\bg_vehicleload.obj
c:\users\smoo\source\repos\jediacademy\codemp\release\jk2cgame\bg_weapons.obj
c:\users\smoo\source\repos\jediacademy\codemp\release\jk2cgame\q_math.obj
c:\users\smoo\source\repos\jediacademy\codemp\release\cgamex86.lib
c:\users\smoo\source\repos\jediacademy\codemp\release\cgamex86.exp
c:\users\smoo\source\repos\jediacademy\codemp\release\cgamex86.dll
c:\users\smoo\source\repos\jediacademy\codemp\release\cgamex86.map
c:\users\smoo\source\repos\jediacademy\codemp\release\cgamex86.pdb
c:\users\smoo\source\repos\jediacademy\codemp\release\jk2cgame\jk2cgame.res
c:\users\smoo\source\repos\jediacademy\codemp\release\jk2cgame\jk2cgame.tlog\cl.command.1.tlog
c:\users\smoo\source\repos\jediacademy\codemp\release\jk2cgame\jk2cgame.tlog\cl.read.1.tlog
c:\users\smoo\source\repos\jediacademy\codemp\release\jk2cgame\jk2cgame.tlog\cl.write.1.tlog
c:\users\smoo\source\repos\jediacademy\codemp\release\jk2cgame\jk2cgame.tlog\jk2cgame.write.1u.tlog
c:\users\smoo\source\repos\jediacademy\codemp\release\jk2cgame\jk2cgame.tlog\link.command.1.tlog
c:\users\smoo\source\repos\jediacademy\codemp\release\jk2cgame\jk2cgame.tlog\link.read.1.tlog
c:\users\smoo\source\repos\jediacademy\codemp\release\jk2cgame\jk2cgame.tlog\link.write.1.tlog
c:\users\smoo\source\repos\jediacademy\codemp\release\jk2cgame\jk2cgame.tlog\rc.command.1.tlog
c:\users\smoo\source\repos\jediacademy\codemp\release\jk2cgame\jk2cgame.tlog\rc.read.1.tlog
c:\users\smoo\source\repos\jediacademy\codemp\release\jk2cgame\jk2cgame.tlog\rc.write.1.tlog
