c:\users\smoo\source\repos\jediacademy\codemp\release\jk2\jk2mp.pch
c:\users\smoo\source\repos\jediacademy\codemp\release\jk2\vc140.pdb
c:\users\smoo\source\repos\jediacademy\codemp\release\jk2\vc140.idb
c:\users\smoo\source\repos\jediacademy\codemp\release\jk2\exe_headers.obj
c:\users\smoo\source\repos\jediacademy\codemp\release\jk2\rm_terrain.obj
c:\users\smoo\source\repos\jediacademy\codemp\release\jk2\sv_bot.obj
c:\users\smoo\source\repos\jediacademy\codemp\release\jk2\sv_ccmds.obj
c:\users\smoo\source\repos\jediacademy\codemp\release\jk2\sv_client.obj
c:\users\smoo\source\repos\jediacademy\codemp\release\jk2\sv_game.obj
c:\users\smoo\source\repos\jediacademy\codemp\release\jk2\sv_init.obj
c:\users\smoo\source\repos\jediacademy\codemp\release\jk2\sv_main.obj
c:\users\smoo\source\repos\jediacademy\codemp\release\jk2\sv_net_chan.obj
c:\users\smoo\source\repos\jediacademy\codemp\release\jk2\sv_snapshot.obj
c:\users\smoo\source\repos\jediacademy\codemp\release\jk2\sv_world.obj
c:\users\smoo\source\repos\jediacademy\codemp\release\jk2\win_gamma.obj
c:\users\smoo\source\repos\jediacademy\codemp\release\jk2\win_input.obj
c:\users\smoo\source\repos\jediacademy\codemp\release\jk2\win_main.obj
c:\users\smoo\source\repos\jediacademy\codemp\release\jk2\win_net.obj
c:\users\smoo\source\repos\jediacademy\codemp\release\jk2\win_qgl.obj
c:\users\smoo\source\repos\jediacademy\codemp\release\jk2\win_snd.obj
c:\users\smoo\source\repos\jediacademy\codemp\release\jk2\win_syscon.obj
c:\users\smoo\source\repos\jediacademy\codemp\release\jk2\win_wndproc.obj
c:\users\smoo\source\repos\jediacademy\codemp\release\jk2\tr_shader.obj
c:\users\smoo\source\repos\jediacademy\codemp\release\jk2\tr_shade_calc.obj
c:\users\smoo\source\repos\jediacademy\codemp\release\jk2\tr_shadows.obj
c:\users\smoo\source\repos\jediacademy\codemp\release\jk2\tr_sky.obj
c:\users\smoo\source\repos\jediacademy\codemp\release\jk2\tr_surface.obj
c:\users\smoo\source\repos\jediacademy\codemp\release\jk2\tr_surfacesprites.obj
c:\users\smoo\source\repos\jediacademy\codemp\release\jk2\tr_terrain.obj
c:\users\smoo\source\repos\jediacademy\codemp\release\jk2\tr_world.obj
c:\users\smoo\source\repos\jediacademy\codemp\release\jk2\tr_worldeffects.obj
c:\users\smoo\source\repos\jediacademy\codemp\release\jk2\rm_area.obj
c:\users\smoo\source\repos\jediacademy\codemp\release\jk2\rm_instance.obj
c:\users\smoo\source\repos\jediacademy\codemp\release\jk2\rm_instancefile.obj
c:\users\smoo\source\repos\jediacademy\codemp\release\jk2\rm_instance_bsp.obj
c:\users\smoo\source\repos\jediacademy\codemp\release\jk2\rm_instance_group.obj
c:\users\smoo\source\repos\jediacademy\codemp\release\jk2\rm_instance_random.obj
c:\users\smoo\source\repos\jediacademy\codemp\release\jk2\rm_instance_void.obj
c:\users\smoo\source\repos\jediacademy\codemp\release\jk2\rm_manager.obj
c:\users\smoo\source\repos\jediacademy\codemp\release\jk2\rm_mission.obj
c:\users\smoo\source\repos\jediacademy\codemp\release\jk2\rm_objective.obj
c:\users\smoo\source\repos\jediacademy\codemp\release\jk2\rm_path.obj
c:\users\smoo\source\repos\jediacademy\codemp\release\jk2\vm_x86.obj
c:\users\smoo\source\repos\jediacademy\codemp\release\jk2\z_memman_pc.obj
c:\users\smoo\source\repos\jediacademy\codemp\release\jk2\tr_animation.obj
c:\users\smoo\source\repos\jediacademy\codemp\release\jk2\tr_arioche.obj
c:\users\smoo\source\repos\jediacademy\codemp\release\jk2\tr_backend.obj
c:\users\smoo\source\repos\jediacademy\codemp\release\jk2\tr_bsp.obj
c:\users\smoo\source\repos\jediacademy\codemp\release\jk2\tr_cmds.obj
c:\users\smoo\source\repos\jediacademy\codemp\release\jk2\tr_curve.obj
c:\users\smoo\source\repos\jediacademy\codemp\release\jk2\tr_ghoul2.obj
c:\users\smoo\source\repos\jediacademy\codemp\release\jk2\tr_init.obj
c:\users\smoo\source\repos\jediacademy\codemp\release\jk2\tr_light.obj
c:\users\smoo\source\repos\jediacademy\codemp\release\jk2\tr_main.obj
c:\users\smoo\source\repos\jediacademy\codemp\release\jk2\tr_marks.obj
c:\users\smoo\source\repos\jediacademy\codemp\release\jk2\tr_mesh.obj
c:\users\smoo\source\repos\jediacademy\codemp\release\jk2\tr_model.obj
c:\users\smoo\source\repos\jediacademy\codemp\release\jk2\tr_noise.obj
c:\users\smoo\source\repos\jediacademy\codemp\release\jk2\tr_quicksprite.obj
c:\users\smoo\source\repos\jediacademy\codemp\release\jk2\tr_scene.obj
c:\users\smoo\source\repos\jediacademy\codemp\release\jk2\tr_shade.obj
c:\users\smoo\source\repos\jediacademy\codemp\release\jk2\cm_terrainmap.obj
c:\users\smoo\source\repos\jediacademy\codemp\release\jk2\cm_test.obj
c:\users\smoo\source\repos\jediacademy\codemp\release\jk2\cm_trace.obj
c:\users\smoo\source\repos\jediacademy\codemp\release\jk2\cnetprofile.obj
c:\users\smoo\source\repos\jediacademy\codemp\release\jk2\common.obj
c:\users\smoo\source\repos\jediacademy\codemp\release\jk2\cvar.obj
c:\users\smoo\source\repos\jediacademy\codemp\release\jk2\files_common.obj
c:\users\smoo\source\repos\jediacademy\codemp\release\jk2\genericparser2.obj
c:\users\smoo\source\repos\jediacademy\codemp\release\jk2\hstring.obj
c:\users\smoo\source\repos\jediacademy\codemp\release\jk2\huffman.obj
c:\users\smoo\source\repos\jediacademy\codemp\release\jk2\md4.obj
c:\users\smoo\source\repos\jediacademy\codemp\release\jk2\msg.obj
c:\users\smoo\source\repos\jediacademy\codemp\release\jk2\net_chan.obj
c:\users\smoo\source\repos\jediacademy\codemp\release\jk2\q_math.obj
c:\users\smoo\source\repos\jediacademy\codemp\release\jk2\q_shared.obj
c:\users\smoo\source\repos\jediacademy\codemp\release\jk2\roffsystem.obj
c:\users\smoo\source\repos\jediacademy\codemp\release\jk2\unzip.obj
c:\users\smoo\source\repos\jediacademy\codemp\release\jk2\vm.obj
c:\users\smoo\source\repos\jediacademy\codemp\release\jk2\vm_interpreted.obj
c:\users\smoo\source\repos\jediacademy\codemp\release\jk2\jdinput.obj
c:\users\smoo\source\repos\jediacademy\codemp\release\jk2\jdmainct.obj
c:\users\smoo\source\repos\jediacademy\codemp\release\jk2\jdmarker.obj
c:\users\smoo\source\repos\jediacademy\codemp\release\jk2\jdmaster.obj
c:\users\smoo\source\repos\jediacademy\codemp\release\jk2\jdpostct.obj
c:\users\smoo\source\repos\jediacademy\codemp\release\jk2\jdsample.obj
c:\users\smoo\source\repos\jediacademy\codemp\release\jk2\jdtrans.obj
c:\users\smoo\source\repos\jediacademy\codemp\release\jk2\jerror.obj
c:\users\smoo\source\repos\jediacademy\codemp\release\jk2\jfdctflt.obj
c:\users\smoo\source\repos\jediacademy\codemp\release\jk2\jidctflt.obj
c:\users\smoo\source\repos\jediacademy\codemp\release\jk2\jmemmgr.obj
c:\users\smoo\source\repos\jediacademy\codemp\release\jk2\jmemnobs.obj
c:\users\smoo\source\repos\jediacademy\codemp\release\jk2\jutils.obj
c:\users\smoo\source\repos\jediacademy\codemp\release\jk2\cm_draw.obj
c:\users\smoo\source\repos\jediacademy\codemp\release\jk2\cm_load.obj
c:\users\smoo\source\repos\jediacademy\codemp\release\jk2\cm_patch.obj
c:\users\smoo\source\repos\jediacademy\codemp\release\jk2\cm_polylib.obj
c:\users\smoo\source\repos\jediacademy\codemp\release\jk2\cm_randomterrain.obj
c:\users\smoo\source\repos\jediacademy\codemp\release\jk2\cm_shader.obj
c:\users\smoo\source\repos\jediacademy\codemp\release\jk2\cm_terrain.obj
c:\users\smoo\source\repos\jediacademy\codemp\release\jk2\jcdctmgr.obj
c:\users\smoo\source\repos\jediacademy\codemp\release\jk2\jchuff.obj
c:\users\smoo\source\repos\jediacademy\codemp\release\jk2\jcinit.obj
c:\users\smoo\source\repos\jediacademy\codemp\release\jk2\jcmainct.obj
c:\users\smoo\source\repos\jediacademy\codemp\release\jk2\jcmarker.obj
c:\users\smoo\source\repos\jediacademy\codemp\release\jk2\jcmaster.obj
c:\users\smoo\source\repos\jediacademy\codemp\release\jk2\jcomapi.obj
c:\users\smoo\source\repos\jediacademy\codemp\release\jk2\jcparam.obj
c:\users\smoo\source\repos\jediacademy\codemp\release\jk2\jcphuff.obj
c:\users\smoo\source\repos\jediacademy\codemp\release\jk2\jcprepct.obj
c:\users\smoo\source\repos\jediacademy\codemp\release\jk2\jcsample.obj
c:\users\smoo\source\repos\jediacademy\codemp\release\jk2\jctrans.obj
c:\users\smoo\source\repos\jediacademy\codemp\release\jk2\jdapimin.obj
c:\users\smoo\source\repos\jediacademy\codemp\release\jk2\jdapistd.obj
c:\users\smoo\source\repos\jediacademy\codemp\release\jk2\jdatadst.obj
c:\users\smoo\source\repos\jediacademy\codemp\release\jk2\jdatasrc.obj
c:\users\smoo\source\repos\jediacademy\codemp\release\jk2\jdcoefct.obj
c:\users\smoo\source\repos\jediacademy\codemp\release\jk2\jdcolor.obj
c:\users\smoo\source\repos\jediacademy\codemp\release\jk2\jddctmgr.obj
c:\users\smoo\source\repos\jediacademy\codemp\release\jk2\jdhuff.obj
c:\users\smoo\source\repos\jediacademy\codemp\release\jk2\snd_mp3.obj
c:\users\smoo\source\repos\jediacademy\codemp\release\jk2\snd_music.obj
c:\users\smoo\source\repos\jediacademy\codemp\release\jk2\g2_api.obj
c:\users\smoo\source\repos\jediacademy\codemp\release\jk2\g2_bolts.obj
c:\users\smoo\source\repos\jediacademy\codemp\release\jk2\g2_bones.obj
c:\users\smoo\source\repos\jediacademy\codemp\release\jk2\g2_misc.obj
c:\users\smoo\source\repos\jediacademy\codemp\release\jk2\g2_surfaces.obj
c:\users\smoo\source\repos\jediacademy\codemp\release\jk2\blockstream.obj
c:\users\smoo\source\repos\jediacademy\codemp\release\jk2\gameinterface.obj
c:\users\smoo\source\repos\jediacademy\codemp\release\jk2\instance.obj
c:\users\smoo\source\repos\jediacademy\codemp\release\jk2\interface.obj
c:\users\smoo\source\repos\jediacademy\codemp\release\jk2\memory.obj
c:\users\smoo\source\repos\jediacademy\codemp\release\jk2\q3_interface.obj
c:\users\smoo\source\repos\jediacademy\codemp\release\jk2\q3_registers.obj
c:\users\smoo\source\repos\jediacademy\codemp\release\jk2\sequence.obj
c:\users\smoo\source\repos\jediacademy\codemp\release\jk2\sequencer.obj
c:\users\smoo\source\repos\jediacademy\codemp\release\jk2\taskmanager.obj
c:\users\smoo\source\repos\jediacademy\codemp\release\jk2\jcapimin.obj
c:\users\smoo\source\repos\jediacademy\codemp\release\jk2\jccoefct.obj
c:\users\smoo\source\repos\jediacademy\codemp\release\jk2\jccolor.obj
c:\users\smoo\source\repos\jediacademy\codemp\release\jk2\cl_cgame.obj
c:\users\smoo\source\repos\jediacademy\codemp\release\jk2\cl_console.obj
c:\users\smoo\source\repos\jediacademy\codemp\release\jk2\cl_main.obj
c:\users\smoo\source\repos\jediacademy\codemp\release\jk2\cl_net_chan.obj
c:\users\smoo\source\repos\jediacademy\codemp\release\jk2\cl_parse.obj
c:\users\smoo\source\repos\jediacademy\codemp\release\jk2\cl_scrn.obj
c:\users\smoo\source\repos\jediacademy\codemp\release\jk2\cl_ui.obj
c:\users\smoo\source\repos\jediacademy\codemp\release\jk2\fxexport.obj
c:\users\smoo\source\repos\jediacademy\codemp\release\jk2\fxprimitives.obj
c:\users\smoo\source\repos\jediacademy\codemp\release\jk2\fxscheduler.obj
c:\users\smoo\source\repos\jediacademy\codemp\release\jk2\fxsystem.obj
c:\users\smoo\source\repos\jediacademy\codemp\release\jk2\fxtemplate.obj
c:\users\smoo\source\repos\jediacademy\codemp\release\jk2\fxutil.obj
c:\users\smoo\source\repos\jediacademy\codemp\release\jk2\snd_ambient.obj
c:\users\smoo\source\repos\jediacademy\codemp\release\jk2\snd_mem.obj
c:\users\smoo\source\repos\jediacademy\codemp\release\jk2\snd_mix.obj
c:\users\smoo\source\repos\jediacademy\codemp\release\jk2\exe.tlog\cl.command.1.tlog
c:\users\smoo\source\repos\jediacademy\codemp\release\jk2\exe.tlog\cl.read.1.tlog
c:\users\smoo\source\repos\jediacademy\codemp\release\jk2\exe.tlog\cl.write.1.tlog
