c:\users\smoo\source\repos\jediacademy\codemp\release\botlib\botlib.pdb
c:\users\smoo\source\repos\jediacademy\codemp\release\botlib\botlib.idb
c:\users\smoo\source\repos\jediacademy\codemp\release\botlib\be_aas_route.obj
c:\users\smoo\source\repos\jediacademy\codemp\release\botlib\be_aas_routealt.obj
c:\users\smoo\source\repos\jediacademy\codemp\release\botlib\be_aas_sample.obj
c:\users\smoo\source\repos\jediacademy\codemp\release\botlib\be_ai_char.obj
c:\users\smoo\source\repos\jediacademy\codemp\release\botlib\be_ai_chat.obj
c:\users\smoo\source\repos\jediacademy\codemp\release\botlib\be_ai_gen.obj
c:\users\smoo\source\repos\jediacademy\codemp\release\botlib\be_ai_goal.obj
c:\users\smoo\source\repos\jediacademy\codemp\release\botlib\be_ai_weap.obj
c:\users\smoo\source\repos\jediacademy\codemp\release\botlib\be_ai_weight.obj
c:\users\smoo\source\repos\jediacademy\codemp\release\botlib\be_ea.obj
c:\users\smoo\source\repos\jediacademy\codemp\release\botlib\be_interface.obj
c:\users\smoo\source\repos\jediacademy\codemp\release\botlib\l_crc.obj
c:\users\smoo\source\repos\jediacademy\codemp\release\botlib\l_libvar.obj
c:\users\smoo\source\repos\jediacademy\codemp\release\botlib\l_log.obj
c:\users\smoo\source\repos\jediacademy\codemp\release\botlib\l_memory.obj
c:\users\smoo\source\repos\jediacademy\codemp\release\botlib\l_script.obj
c:\users\smoo\source\repos\jediacademy\codemp\release\botlib\l_struct.obj
c:\users\smoo\source\repos\jediacademy\codemp\release\botlib\be_aas_bspq3.obj
c:\users\smoo\source\repos\jediacademy\codemp\release\botlib\be_aas_cluster.obj
c:\users\smoo\source\repos\jediacademy\codemp\release\botlib\be_aas_debug.obj
c:\users\smoo\source\repos\jediacademy\codemp\release\botlib\be_aas_file.obj
c:\users\smoo\source\repos\jediacademy\codemp\release\botlib\be_aas_main.obj
c:\users\smoo\source\repos\jediacademy\codemp\release\botlib\be_aas_optimize.obj
c:\users\smoo\source\repos\jediacademy\codemp\release\botlib\botlib.tlog\cl.command.1.tlog
c:\users\smoo\source\repos\jediacademy\codemp\release\botlib\botlib.tlog\cl.read.1.tlog
c:\users\smoo\source\repos\jediacademy\codemp\release\botlib\botlib.tlog\cl.write.1.tlog
